<?xml version="1.0" encoding="UTF-8"?>
<testng-results ignored="0" total="1" passed="1" failed="0" skipped="0">
  <reporter-output>
  </reporter-output>
  <suite started-at="2020-12-20T19:59:52 IST" name="Default suite" finished-at="2020-12-20T19:59:56 IST" duration-ms="3236">
    <groups>
    </groups>
    <test started-at="2020-12-20T19:59:52 IST" name="Default test" finished-at="2020-12-20T19:59:56 IST" duration-ms="3236">
      <class name="ReqrestAPITestCases.CreateUser">
        <test-method signature="createUser()[pri:0, instance:ReqrestAPITestCases.CreateUser@5db45159]" started-at="2020-12-20T19:59:52 IST" name="createUser" finished-at="2020-12-20T19:59:56 IST" duration-ms="3171" status="PASS">
          <reporter-output>
          </reporter-output>
        </test-method> <!-- createUser -->
      </class> <!-- ReqrestAPITestCases.CreateUser -->
    </test> <!-- Default test -->
  </suite> <!-- Default suite -->
</testng-results>
